android/app/build/intermediates/manifest_merge_blame_file/debug/processDebugMainManifest/manifest-merger-blame-debug-report.txt
1<?xml version="1.0" encoding="utf-8"?>
2<manifest xmlns:android="http://schemas.android.com/apk/res/android"
3    package="com.celimap.app"
4    android:versionCode="1"
5    android:versionName="1.0.0" >
6
7    <uses-sdk
8        android:minSdkVersion="24"
9        android:targetSdkVersion="36" />
10
11    <uses-permission android:name="android.permission.INTERNET" />
11-->src\main\AndroidManifest.xml:58:5-67
11-->src\main\AndroidManifest.xml:58:22-64
12    <uses-permission android:name="android.permission.ACCESS_COARSE_LOCATION" />
12-->src\main\AndroidManifest.xml:59:5-81
12-->src\main\AndroidManifest.xml:59:22-78
13    <uses-permission android:name="android.permission.ACCESS_FINE_LOCATION" />
13-->src\main\AndroidManifest.xml:60:5-79
13-->src\main\AndroidManifest.xml:60:22-76
14
15    <permission
15-->[androidx.core:core:1.17.0] AndroidManifest.xml:22:5-24:47
16        android:name="com.celimap.app.DYNAMIC_RECEIVER_NOT_EXPORTED_PERMISSION"
16-->[androidx.core:core:1.17.0] AndroidManifest.xml:23:9-81
17        android:protectionLevel="signature" />
17-->[androidx.core:core:1.17.0] AndroidManifest.xml:24:9-44
18
19    <uses-permission android:name="com.celimap.app.DYNAMIC_RECEIVER_NOT_EXPORTED_PERMISSION" />
19-->[androidx.core:core:1.17.0] AndroidManifest.xml:26:5-97
19-->[androidx.core:core:1.17.0] AndroidManifest.xml:26:22-94
20
21    <application
21-->src\main\AndroidManifest.xml:4:5-56:19
22        android:allowBackup="true"
22-->src\main\AndroidManifest.xml:5:9-35
23        android:appComponentFactory="androidx.core.app.CoreComponentFactory"
23-->[androidx.core:core:1.17.0] AndroidManifest.xml:28:18-86
24        android:debuggable="true"
25        android:extractNativeLibs="false"
26        android:hardwareAccelerated="true"
26-->src\main\AndroidManifest.xml:12:9-43
27        android:icon="@mipmap/ic_launcher"
27-->src\main\AndroidManifest.xml:6:9-43
28        android:label="@string/app_name"
28-->src\main\AndroidManifest.xml:7:9-41
29        android:largeHeap="true"
29-->src\main\AndroidManifest.xml:13:9-33
30        android:roundIcon="@mipmap/ic_launcher_round"
30-->src\main\AndroidManifest.xml:8:9-54
31        android:supportsRtl="true"
31-->src\main\AndroidManifest.xml:9:9-35
32        android:theme="@style/AppTheme"
32-->src\main\AndroidManifest.xml:10:9-40
33        android:usesCleartextTraffic="false" >
33-->src\main\AndroidManifest.xml:11:9-45
34        <activity
34-->src\main\AndroidManifest.xml:15:9-45:20
35            android:name="com.celimap.app.MainActivity"
35-->src\main\AndroidManifest.xml:17:13-41
36            android:configChanges="orientation|keyboardHidden|keyboard|screenSize|locale|smallestScreenSize|screenLayout|uiMode|navigation|density"
36-->src\main\AndroidManifest.xml:16:13-148
37            android:exported="true"
37-->src\main\AndroidManifest.xml:21:13-36
38            android:hardwareAccelerated="true"
38-->src\main\AndroidManifest.xml:22:13-47
39            android:label="@string/title_activity_main"
39-->src\main\AndroidManifest.xml:18:13-56
40            android:launchMode="singleTask"
40-->src\main\AndroidManifest.xml:20:13-44
41            android:theme="@style/AppTheme.NoActionBarLaunch"
41-->src\main\AndroidManifest.xml:19:13-62
42            android:windowSoftInputMode="adjustResize" >
42-->src\main\AndroidManifest.xml:23:13-55
43            <intent-filter>
43-->src\main\AndroidManifest.xml:25:13-28:29
44                <action android:name="android.intent.action.MAIN" />
44-->src\main\AndroidManifest.xml:26:17-69
44-->src\main\AndroidManifest.xml:26:25-66
45
46                <category android:name="android.intent.category.LAUNCHER" />
46-->src\main\AndroidManifest.xml:27:17-77
46-->src\main\AndroidManifest.xml:27:27-74
47            </intent-filter>
48            <intent-filter>
48-->src\main\AndroidManifest.xml:30:13-35:29
49                <action android:name="android.intent.action.VIEW" />
49-->src\main\AndroidManifest.xml:31:17-69
49-->src\main\AndroidManifest.xml:31:25-66
50
51                <category android:name="android.intent.category.DEFAULT" />
51-->src\main\AndroidManifest.xml:32:17-76
51-->src\main\AndroidManifest.xml:32:27-73
52                <category android:name="android.intent.category.BROWSABLE" />
52-->src\main\AndroidManifest.xml:33:17-78
52-->src\main\AndroidManifest.xml:33:27-75
53
54                <data android:scheme="celimap" />
54-->src\main\AndroidManifest.xml:34:17-50
54-->src\main\AndroidManifest.xml:34:23-47
55            </intent-filter>
56            <intent-filter android:autoVerify="true" >
56-->src\main\AndroidManifest.xml:37:13-43:29
56-->src\main\AndroidManifest.xml:37:28-53
57                <action android:name="android.intent.action.VIEW" />
57-->src\main\AndroidManifest.xml:31:17-69
57-->src\main\AndroidManifest.xml:31:25-66
58
59                <category android:name="android.intent.category.DEFAULT" />
59-->src\main\AndroidManifest.xml:32:17-76
59-->src\main\AndroidManifest.xml:32:27-73
60                <category android:name="android.intent.category.BROWSABLE" />
60-->src\main\AndroidManifest.xml:33:17-78
60-->src\main\AndroidManifest.xml:33:27-75
61
62                <data
62-->src\main\AndroidManifest.xml:34:17-50
63                    android:host="www.celimap.com.ar"
63-->src\main\AndroidManifest.xml:41:46-79
64                    android:scheme="https" />
64-->src\main\AndroidManifest.xml:34:23-47
65                <data
65-->src\main\AndroidManifest.xml:34:17-50
66                    android:host="celimap.com.ar"
66-->src\main\AndroidManifest.xml:41:46-79
67                    android:scheme="https" />
67-->src\main\AndroidManifest.xml:34:23-47
68            </intent-filter>
69        </activity>
70
71        <provider
72            android:name="androidx.core.content.FileProvider"
72-->src\main\AndroidManifest.xml:48:13-62
73            android:authorities="com.celimap.app.fileprovider"
73-->src\main\AndroidManifest.xml:49:13-64
74            android:exported="false"
74-->src\main\AndroidManifest.xml:50:13-37
75            android:grantUriPermissions="true" >
75-->src\main\AndroidManifest.xml:51:13-47
76            <meta-data
76-->src\main\AndroidManifest.xml:52:13-54:54
77                android:name="android.support.FILE_PROVIDER_PATHS"
77-->src\main\AndroidManifest.xml:53:17-67
78                android:resource="@xml/file_paths" />
78-->src\main\AndroidManifest.xml:54:17-51
79        </provider>
80        <provider
80-->[androidx.emoji2:emoji2:1.3.0] AndroidManifest.xml:24:9-32:20
81            android:name="androidx.startup.InitializationProvider"
81-->[androidx.emoji2:emoji2:1.3.0] AndroidManifest.xml:25:13-67
82            android:authorities="com.celimap.app.androidx-startup"
82-->[androidx.emoji2:emoji2:1.3.0] AndroidManifest.xml:26:13-68
83            android:exported="false" >
83-->[androidx.emoji2:emoji2:1.3.0] AndroidManifest.xml:27:13-37
84            <meta-data
84-->[androidx.emoji2:emoji2:1.3.0] AndroidManifest.xml:29:13-31:52
85                android:name="androidx.emoji2.text.EmojiCompatInitializer"
85-->[androidx.emoji2:emoji2:1.3.0] AndroidManifest.xml:30:17-75
86                android:value="androidx.startup" />
86-->[androidx.emoji2:emoji2:1.3.0] AndroidManifest.xml:31:17-49
87            <meta-data
87-->[androidx.lifecycle:lifecycle-process:2.6.2] AndroidManifest.xml:29:13-31:52
88                android:name="androidx.lifecycle.ProcessLifecycleInitializer"
88-->[androidx.lifecycle:lifecycle-process:2.6.2] AndroidManifest.xml:30:17-78
89                android:value="androidx.startup" />
89-->[androidx.lifecycle:lifecycle-process:2.6.2] AndroidManifest.xml:31:17-49
90            <meta-data
90-->[androidx.profileinstaller:profileinstaller:1.4.0] AndroidManifest.xml:29:13-31:52
91                android:name="androidx.profileinstaller.ProfileInstallerInitializer"
91-->[androidx.profileinstaller:profileinstaller:1.4.0] AndroidManifest.xml:30:17-85
92                android:value="androidx.startup" />
92-->[androidx.profileinstaller:profileinstaller:1.4.0] AndroidManifest.xml:31:17-49
93        </provider>
94
95        <receiver
95-->[androidx.profileinstaller:profileinstaller:1.4.0] AndroidManifest.xml:34:9-52:20
96            android:name="androidx.profileinstaller.ProfileInstallReceiver"
96-->[androidx.profileinstaller:profileinstaller:1.4.0] AndroidManifest.xml:35:13-76
97            android:directBootAware="false"
97-->[androidx.profileinstaller:profileinstaller:1.4.0] AndroidManifest.xml:36:13-44
98            android:enabled="true"
98-->[androidx.profileinstaller:profileinstaller:1.4.0] AndroidManifest.xml:37:13-35
99            android:exported="true"
99-->[androidx.profileinstaller:profileinstaller:1.4.0] AndroidManifest.xml:38:13-36
100            android:permission="android.permission.DUMP" >
100-->[androidx.profileinstaller:profileinstaller:1.4.0] AndroidManifest.xml:39:13-57
101            <intent-filter>
101-->[androidx.profileinstaller:profileinstaller:1.4.0] AndroidManifest.xml:40:13-42:29
102                <action android:name="androidx.profileinstaller.action.INSTALL_PROFILE" />
102-->[androidx.profileinstaller:profileinstaller:1.4.0] AndroidManifest.xml:41:17-91
102-->[androidx.profileinstaller:profileinstaller:1.4.0] AndroidManifest.xml:41:25-88
103            </intent-filter>
104            <intent-filter>
104-->[androidx.profileinstaller:profileinstaller:1.4.0] AndroidManifest.xml:43:13-45:29
105                <action android:name="androidx.profileinstaller.action.SKIP_FILE" />
105-->[androidx.profileinstaller:profileinstaller:1.4.0] AndroidManifest.xml:44:17-85
105-->[androidx.profileinstaller:profileinstaller:1.4.0] AndroidManifest.xml:44:25-82
106            </intent-filter>
107            <intent-filter>
107-->[androidx.profileinstaller:profileinstaller:1.4.0] AndroidManifest.xml:46:13-48:29
108                <action android:name="androidx.profileinstaller.action.SAVE_PROFILE" />
108-->[androidx.profileinstaller:profileinstaller:1.4.0] AndroidManifest.xml:47:17-88
108-->[androidx.profileinstaller:profileinstaller:1.4.0] AndroidManifest.xml:47:25-85
109            </intent-filter>
110            <intent-filter>
110-->[androidx.profileinstaller:profileinstaller:1.4.0] AndroidManifest.xml:49:13-51:29
111                <action android:name="androidx.profileinstaller.action.BENCHMARK_OPERATION" />
111-->[androidx.profileinstaller:profileinstaller:1.4.0] AndroidManifest.xml:50:17-95
111-->[androidx.profileinstaller:profileinstaller:1.4.0] AndroidManifest.xml:50:25-92
112            </intent-filter>
113        </receiver>
114    </application>
115
116</manifest>